<?xml version="1.0" encoding="UTF-8"?>
<!-- Generated by org.testng.reporters.JUnitXMLReporter -->
<testsuite ignored="0" hostname="DESKTOP-88SEI6R" failures="0" tests="6" name="Default test" time="13.012" errors="0" timestamp="2024-06-08T22:53:11 IST">
  <testcase classname="api.test.DDTest" name="testPostuser" time="3.828"/>
  <testcase classname="api.test.DDTest" name="testPostuser" time="1.378"/>
  <testcase classname="api.test.DDTest" name="testPostuser" time="1.295"/>
  <testcase classname="api.test.DDTest" name="testDeleteUserByName" time="1.258"/>
  <testcase classname="api.test.DDTest" name="testDeleteUserByName" time="1.309"/>
  <testcase classname="api.test.DDTest" name="testDeleteUserByName" time="1.249"/>
</testsuite> <!-- Default test -->
