<?xml version="1.0" encoding="UTF-8"?>
<!-- Generated by org.testng.reporters.JUnitXMLReporter -->
<testsuite ignored="0" hostname="DESKTOP-88SEI6R" failures="0" tests="17" name="Test" time="29.956" errors="0" timestamp="2024-06-08T22:54:01 IST">
  <testcase classname="api.test.UserTests" name="testPostUser" time="3.805"/>
  <testcase classname="api.test.UserTests" name="testGetUser" time="1.368"/>
  <testcase classname="api.test.UserTests" name="testUpdateUser" time="2.64"/>
  <testcase classname="api.test.UserTests" name="testDeleteUser" time="1.259"/>
  <testcase classname="api.test.DDTest" name="testPostuser" time="1.221"/>
  <testcase classname="api.test.DDTest" name="testPostuser" time="1.267"/>
  <testcase classname="api.test.DDTest" name="testPostuser" time="1.258"/>
  <testcase classname="api.test.DDTest" name="testDeleteUserByName" time="1.225"/>
  <testcase classname="api.test.DDTest" name="testDeleteUserByName" time="1.268"/>
  <testcase classname="api.test.DDTest" name="testDeleteUserByName" time="1.26"/>
  <testcase classname="api.test.StoreTests" name="testPostOrder" time="1.272"/>
  <testcase classname="api.test.StoreTests" name="testFindOrder" time="1.407"/>
  <testcase classname="api.test.StoreTests" name="testDeleteOrder" time="1.259"/>
  <testcase classname="api.test.PetsTests" name="testPostPet" time="1.258"/>
  <testcase classname="api.test.PetsTests" name="findPets" time="1.308"/>
  <testcase classname="api.test.PetsTests" name="testUpdatePet" time="2.515"/>
  <testcase classname="api.test.PetsTests" name="testDeletePet" time="1.27"/>
</testsuite> <!-- Test -->
