<?xml version="1.0" encoding="UTF-8"?>
<testng-results ignored="0" total="17" passed="17" failed="0" skipped="0">
  <reporter-output>
  </reporter-output>
  <suite started-at="2024-06-08T22:53:31 IST" name="Suite" finished-at="2024-06-08T22:54:01 IST" duration-ms="29956">
    <groups>
    </groups>
    <test started-at="2024-06-08T22:53:31 IST" name="Test" finished-at="2024-06-08T22:54:01 IST" duration-ms="29956">
      <class name="api.test.PetsTests">
        <test-method is-config="true" signature="setupData()[pri:0, instance:api.test.PetsTests@742ff096]" started-at="2024-06-08T22:53:54 IST" name="setupData" finished-at="2024-06-08T22:53:54 IST" duration-ms="129" status="PASS">
          <reporter-output>
          </reporter-output>
        </test-method> <!-- setupData -->
        <test-method signature="testPostPet()[pri:1, instance:api.test.PetsTests@742ff096]" started-at="2024-06-08T22:53:54 IST" name="testPostPet" finished-at="2024-06-08T22:53:56 IST" duration-ms="1258" status="PASS">
          <reporter-output>
          </reporter-output>
        </test-method> <!-- testPostPet -->
        <test-method signature="findPets()[pri:2, instance:api.test.PetsTests@742ff096]" started-at="2024-06-08T22:53:56 IST" name="findPets" finished-at="2024-06-08T22:53:57 IST" duration-ms="1308" status="PASS">
          <reporter-output>
          </reporter-output>
        </test-method> <!-- findPets -->
        <test-method signature="testUpdatePet()[pri:3, instance:api.test.PetsTests@742ff096]" started-at="2024-06-08T22:53:57 IST" name="testUpdatePet" finished-at="2024-06-08T22:53:59 IST" duration-ms="2515" status="PASS">
          <reporter-output>
          </reporter-output>
        </test-method> <!-- testUpdatePet -->
        <test-method signature="testDeletePet()[pri:4, instance:api.test.PetsTests@742ff096]" started-at="2024-06-08T22:54:00 IST" name="testDeletePet" finished-at="2024-06-08T22:54:01 IST" duration-ms="1270" status="PASS">
          <reporter-output>
          </reporter-output>
        </test-method> <!-- testDeletePet -->
      </class> <!-- api.test.PetsTests -->
      <class name="api.test.DDTest">
        <test-method signature="testPostuser(java.lang.String,java.lang.String,java.lang.String,java.lang.String,java.lang.String,java.lang.String,java.lang.String)[pri:1, instance:api.test.DDTest@712625fd]" started-at="2024-06-08T22:53:42 IST" name="testPostuser" data-provider="Data" finished-at="2024-06-08T22:53:44 IST" duration-ms="1221" status="PASS">
          <params>
            <param index="0">
              <value>
                <![CDATA[1010]]>
              </value>
            </param>
            <param index="1">
              <value>
                <![CDATA[testuser1]]>
              </value>
            </param>
            <param index="2">
              <value>
                <![CDATA[John]]>
              </value>
            </param>
            <param index="3">
              <value>
                <![CDATA[Canedy]]>
              </value>
            </param>
            <param index="4">
              <value>
                <![CDATA[a@gmail.com]]>
              </value>
            </param>
            <param index="5">
              <value>
                <![CDATA[test@1]]>
              </value>
            </param>
            <param index="6">
              <value>
                <![CDATA[1234567897]]>
              </value>
            </param>
          </params>
          <reporter-output>
          </reporter-output>
        </test-method> <!-- testPostuser -->
        <test-method signature="testPostuser(java.lang.String,java.lang.String,java.lang.String,java.lang.String,java.lang.String,java.lang.String,java.lang.String)[pri:1, instance:api.test.DDTest@712625fd]" started-at="2024-06-08T22:53:44 IST" name="testPostuser" data-provider="Data" finished-at="2024-06-08T22:53:45 IST" duration-ms="1267" status="PASS">
          <params>
            <param index="0">
              <value>
                <![CDATA[1020]]>
              </value>
            </param>
            <param index="1">
              <value>
                <![CDATA[testuser2]]>
              </value>
            </param>
            <param index="2">
              <value>
                <![CDATA[Kim]]>
              </value>
            </param>
            <param index="3">
              <value>
                <![CDATA[Kom]]>
              </value>
            </param>
            <param index="4">
              <value>
                <![CDATA[b@gmail.com]]>
              </value>
            </param>
            <param index="5">
              <value>
                <![CDATA[test@2]]>
              </value>
            </param>
            <param index="6">
              <value>
                <![CDATA[1234567897]]>
              </value>
            </param>
          </params>
          <reporter-output>
          </reporter-output>
        </test-method> <!-- testPostuser -->
        <test-method signature="testPostuser(java.lang.String,java.lang.String,java.lang.String,java.lang.String,java.lang.String,java.lang.String,java.lang.String)[pri:1, instance:api.test.DDTest@712625fd]" started-at="2024-06-08T22:53:45 IST" name="testPostuser" data-provider="Data" finished-at="2024-06-08T22:53:46 IST" duration-ms="1258" status="PASS">
          <params>
            <param index="0">
              <value>
                <![CDATA[1030]]>
              </value>
            </param>
            <param index="1">
              <value>
                <![CDATA[testuser3]]>
              </value>
            </param>
            <param index="2">
              <value>
                <![CDATA[Smith]]>
              </value>
            </param>
            <param index="3">
              <value>
                <![CDATA[Steve]]>
              </value>
            </param>
            <param index="4">
              <value>
                <![CDATA[c@gmail.com]]>
              </value>
            </param>
            <param index="5">
              <value>
                <![CDATA[test@3]]>
              </value>
            </param>
            <param index="6">
              <value>
                <![CDATA[1234567897]]>
              </value>
            </param>
          </params>
          <reporter-output>
          </reporter-output>
        </test-method> <!-- testPostuser -->
        <test-method signature="testDeleteUserByName(java.lang.String)[pri:2, instance:api.test.DDTest@712625fd]" started-at="2024-06-08T22:53:47 IST" name="testDeleteUserByName" data-provider="UserNames" finished-at="2024-06-08T22:53:48 IST" duration-ms="1225" status="PASS">
          <params>
            <param index="0">
              <value>
                <![CDATA[testuser1]]>
              </value>
            </param>
          </params>
          <reporter-output>
          </reporter-output>
        </test-method> <!-- testDeleteUserByName -->
        <test-method signature="testDeleteUserByName(java.lang.String)[pri:2, instance:api.test.DDTest@712625fd]" started-at="2024-06-08T22:53:48 IST" name="testDeleteUserByName" data-provider="UserNames" finished-at="2024-06-08T22:53:49 IST" duration-ms="1268" status="PASS">
          <params>
            <param index="0">
              <value>
                <![CDATA[testuser2]]>
              </value>
            </param>
          </params>
          <reporter-output>
          </reporter-output>
        </test-method> <!-- testDeleteUserByName -->
        <test-method signature="testDeleteUserByName(java.lang.String)[pri:2, instance:api.test.DDTest@712625fd]" started-at="2024-06-08T22:53:49 IST" name="testDeleteUserByName" data-provider="UserNames" finished-at="2024-06-08T22:53:50 IST" duration-ms="1260" status="PASS">
          <params>
            <param index="0">
              <value>
                <![CDATA[testuser3]]>
              </value>
            </param>
          </params>
          <reporter-output>
          </reporter-output>
        </test-method> <!-- testDeleteUserByName -->
      </class> <!-- api.test.DDTest -->
      <class name="api.test.UserTests">
        <test-method is-config="true" signature="setupData()[pri:0, instance:api.test.UserTests@4be29ed9]" started-at="2024-06-08T22:53:31 IST" name="setupData" finished-at="2024-06-08T22:53:32 IST" duration-ms="284" status="PASS">
          <reporter-output>
          </reporter-output>
        </test-method> <!-- setupData -->
        <test-method signature="testPostUser()[pri:1, instance:api.test.UserTests@4be29ed9]" started-at="2024-06-08T22:53:32 IST" name="testPostUser" finished-at="2024-06-08T22:53:35 IST" duration-ms="3805" status="PASS">
          <reporter-output>
          </reporter-output>
        </test-method> <!-- testPostUser -->
        <test-method signature="testGetUser()[pri:2, instance:api.test.UserTests@4be29ed9]" started-at="2024-06-08T22:53:35 IST" name="testGetUser" finished-at="2024-06-08T22:53:37 IST" duration-ms="1368" status="PASS">
          <reporter-output>
          </reporter-output>
        </test-method> <!-- testGetUser -->
        <test-method signature="testUpdateUser()[pri:3, instance:api.test.UserTests@4be29ed9]" started-at="2024-06-08T22:53:37 IST" name="testUpdateUser" finished-at="2024-06-08T22:53:39 IST" duration-ms="2640" status="PASS">
          <reporter-output>
          </reporter-output>
        </test-method> <!-- testUpdateUser -->
        <test-method signature="testDeleteUser()[pri:4, instance:api.test.UserTests@4be29ed9]" started-at="2024-06-08T22:53:39 IST" name="testDeleteUser" finished-at="2024-06-08T22:53:41 IST" duration-ms="1259" status="PASS">
          <reporter-output>
          </reporter-output>
        </test-method> <!-- testDeleteUser -->
      </class> <!-- api.test.UserTests -->
      <class name="api.test.StoreTests">
        <test-method is-config="true" signature="setupData()[pri:0, instance:api.test.StoreTests@7bba5817]" started-at="2024-06-08T22:53:50 IST" name="setupData" finished-at="2024-06-08T22:53:50 IST" duration-ms="12" status="PASS">
          <reporter-output>
          </reporter-output>
        </test-method> <!-- setupData -->
        <test-method signature="testPostOrder()[pri:1, instance:api.test.StoreTests@7bba5817]" started-at="2024-06-08T22:53:50 IST" name="testPostOrder" finished-at="2024-06-08T22:53:52 IST" duration-ms="1272" status="PASS">
          <reporter-output>
          </reporter-output>
        </test-method> <!-- testPostOrder -->
        <test-method signature="testFindOrder()[pri:2, instance:api.test.StoreTests@7bba5817]" started-at="2024-06-08T22:53:52 IST" name="testFindOrder" finished-at="2024-06-08T22:53:53 IST" duration-ms="1407" status="PASS">
          <reporter-output>
          </reporter-output>
        </test-method> <!-- testFindOrder -->
        <test-method signature="testDeleteOrder()[pri:3, instance:api.test.StoreTests@7bba5817]" started-at="2024-06-08T22:53:53 IST" name="testDeleteOrder" finished-at="2024-06-08T22:53:54 IST" duration-ms="1259" status="PASS">
          <reporter-output>
          </reporter-output>
        </test-method> <!-- testDeleteOrder -->
      </class> <!-- api.test.StoreTests -->
    </test> <!-- Test -->
  </suite> <!-- Suite -->
</testng-results>
